<?xml version="1.0" encoding="UTF-8"?>
<testng-results ignored="0" total="6" passed="6" failed="0" skipped="0">
  <reporter-output>
  </reporter-output>
  <suite started-at="2026-02-15T20:36:26 IST" name="REST Assured Test Suite" finished-at="2026-02-15T20:36:32 IST" duration-ms="6116">
    <groups>
    </groups>
    <test started-at="2026-02-15T20:36:26 IST" name="API Tests" finished-at="2026-02-15T20:36:32 IST" duration-ms="6116">
      <class name="com.example.tests.SimpleGetRequestTest">
        <test-method is-config="true" signature="setup()[pri:0, instance:com.example.tests.SimpleGetRequestTest@41e36e46]" started-at="2026-02-15T20:36:26 IST" name="setup" finished-at="2026-02-15T20:36:27 IST" duration-ms="682" status="PASS">
          <reporter-output>
          </reporter-output>
        </test-method> <!-- setup -->
        <test-method signature="testGetRequestStatusCode()[pri:1, instance:com.example.tests.SimpleGetRequestTest@41e36e46]" started-at="2026-02-15T20:36:27 IST" name="testGetRequestStatusCode" description="Verify GET request returns 200 status code" finished-at="2026-02-15T20:36:30 IST" duration-ms="2578" status="PASS">
          <reporter-output>
          </reporter-output>
        </test-method> <!-- testGetRequestStatusCode -->
        <test-method signature="testGetRequestContentType()[pri:2, instance:com.example.tests.SimpleGetRequestTest@41e36e46]" started-at="2026-02-15T20:36:30 IST" name="testGetRequestContentType" description="Verify GET request returns correct content type" finished-at="2026-02-15T20:36:30 IST" duration-ms="333" status="PASS">
          <reporter-output>
          </reporter-output>
        </test-method> <!-- testGetRequestContentType -->
        <test-method signature="testGetRequestResponseBody()[pri:3, instance:com.example.tests.SimpleGetRequestTest@41e36e46]" started-at="2026-02-15T20:36:30 IST" name="testGetRequestResponseBody" description="Verify GET request response body contains expected fields" finished-at="2026-02-15T20:36:31 IST" duration-ms="1284" status="PASS">
          <reporter-output>
          </reporter-output>
        </test-method> <!-- testGetRequestResponseBody -->
        <test-method signature="testGetRequestAndExtractData()[pri:4, instance:com.example.tests.SimpleGetRequestTest@41e36e46]" started-at="2026-02-15T20:36:31 IST" name="testGetRequestAndExtractData" description="Verify GET request and extract response data" finished-at="2026-02-15T20:36:32 IST" duration-ms="384" status="PASS">
          <reporter-output>
          </reporter-output>
        </test-method> <!-- testGetRequestAndExtractData -->
        <test-method signature="testGetAllPosts()[pri:5, instance:com.example.tests.SimpleGetRequestTest@41e36e46]" started-at="2026-02-15T20:36:32 IST" name="testGetAllPosts" description="Verify GET request for all posts returns list" finished-at="2026-02-15T20:36:32 IST" duration-ms="483" status="PASS">
          <reporter-output>
          </reporter-output>
        </test-method> <!-- testGetAllPosts -->
        <test-method signature="testGetRequestWithQueryParams()[pri:6, instance:com.example.tests.SimpleGetRequestTest@41e36e46]" started-at="2026-02-15T20:36:32 IST" name="testGetRequestWithQueryParams" description="Verify GET request with query parameters" finished-at="2026-02-15T20:36:32 IST" duration-ms="300" status="PASS">
          <reporter-output>
          </reporter-output>
        </test-method> <!-- testGetRequestWithQueryParams -->
      </class> <!-- com.example.tests.SimpleGetRequestTest -->
    </test> <!-- API Tests -->
  </suite> <!-- REST Assured Test Suite -->
</testng-results>
