<?xml version="1.0" encoding="UTF-8"?>
<!-- Generated by org.testng.reporters.JUnitReportReporter -->
<testsuite hostname="DESKTOP-M0HE1BS" failures="0" tests="6" name="com.example.tests.SimpleGetRequestTest" time="5.362" errors="0" timestamp="2026-02-15T20:36:33 IST" skipped="0">
  <testcase classname="com.example.tests.SimpleGetRequestTest" name="testGetRequestStatusCode" time="2.578"/>
  <testcase classname="com.example.tests.SimpleGetRequestTest" name="testGetRequestContentType" time="0.333"/>
  <testcase classname="com.example.tests.SimpleGetRequestTest" name="testGetRequestResponseBody" time="1.284"/>
  <testcase classname="com.example.tests.SimpleGetRequestTest" name="testGetRequestAndExtractData" time="0.384"/>
  <testcase classname="com.example.tests.SimpleGetRequestTest" name="testGetAllPosts" time="0.483"/>
  <testcase classname="com.example.tests.SimpleGetRequestTest" name="testGetRequestWithQueryParams" time="0.300"/>
</testsuite> <!-- com.example.tests.SimpleGetRequestTest -->
